2025-07-05 17:40:51 upgrade dependencies
2025-11-25 05:39:45 minor changes
2025-03-18 00:22:10 update build script
2025-07-23 13:08:05 fix timezone issue
2025-09-10 12:02:04 update API keys
2025-01-08 06:30:57 stabilize build
2025-01-19 23:54:28 update README
2025-03-29 03:54:12 cleanup code
2025-05-18 09:31:14 update dependencies
2025-09-25 10:27:56 enhance logging
2025-02-11 20:40:17 improve maintainability
2025-08-21 03:14:05 update configs
2025-09-10 06:31:03 add logging
2025-06-09 10:02:29 update constants
2025-05-02 15:09:56 update logging
2025-11-15 05:36:42 update dependencies
2025-04-26 00:23:33 update dependencies
2025-09-22 12:19:37 fix encoding issue
2025-07-23 03:49:39 fix warnings
2025-12-23 18:58:13 remove unused import
2025-01-29 08:18:40 stabilize build
2025-12-08 21:25:52 fix null pointer
2025-12-17 22:16:22 adjust validation rules
2025-01-12 22:12:06 small refactor
2025-03-31 01:01:24 change configuration
2025-11-16 14:58:22 update database schema
2025-05-02 06:52:57 small refactor
2025-08-29 16:43:17 adjust timeout
2025-02-26 05:07:39 remove unused import
2025-08-26 12:32:13 add integration tests
2025-11-06 21:38:46 update CI pipeline
2025-03-25 05:06:43 improve maintainability
2025-02-12 22:02:01 change configuration
2025-09-21 02:30:39 style improvements
2025-08-01 10:34:02 add logging
2025-05-21 08:28:42 optimize function
2025-08-04 19:26:13 fix crash issue
2025-04-22 01:58:25 fix typo in docs
2025-06-08 13:18:05 enhance logging
2025-08-12 05:29:38 hotfix applied
2025-06-14 00:54:39 update LICENSE
